<?xml version="1.0" encoding="UTF-8"?>
<testsuite name="com.app.task.scheduler.TaskSchedulerApplicationTests" tests="1" skipped="0" failures="0" errors="0" timestamp="2025-09-02T01:05:36.851Z" hostname="MBP-F7JY4W3J4D.local" time="0.326">
  <properties/>
  <testcase name="contextLoads()" classname="com.app.task.scheduler.TaskSchedulerApplicationTests" time="0.326"/>
  <system-out><![CDATA[06:35:36.255 [Test worker] INFO org.springframework.test.context.support.AnnotationConfigContextLoaderUtils -- Could not detect default configuration classes for test class [com.app.task.scheduler.TaskSchedulerApplicationTests]: TaskSchedulerApplicationTests does not declare any static, non-private, non-final, nested classes annotated with @Configuration.
06:35:36.291 [Test worker] INFO org.springframework.boot.test.context.SpringBootTestContextBootstrapper -- Found @SpringBootConfiguration com.app.task.scheduler.TaskSchedulerApplication for test class com.app.task.scheduler.TaskSchedulerApplicationTests

  .   ____          _            __ _ _
 /\\ / ___'_ __ _ _(_)_ __  __ _ \ \ \ \
( ( )\___ | '_ | '_| | '_ \/ _` | \ \ \ \
 \\/  ___)| |_)| | | | | || (_| |  ) ) ) )
  '  |____| .__|_| |_|_| |_\__, | / / / /
 =========|_|==============|___/=/_/_/_/

 :: Spring Boot ::                (v3.5.5)

06:35:36.454 [Test worker] INFO  c.a.t.s.TaskSchedulerApplicationTests - Starting TaskSchedulerApplicationTests using Java 22.0.1 with PID 11870 (started by tanayakarmakar in /Users/tanayakarmakar/Documents/Projects/system-design/distributed-task-scheduler/task-scheduler)
06:35:36.455 [Test worker] INFO  c.a.t.s.TaskSchedulerApplicationTests - No active profile set, falling back to 1 default profile: "default"
06:35:36.818 [Test worker] INFO  org.quartz.impl.StdSchedulerFactory - Using default implementation for ThreadExecutor
06:35:36.823 [Test worker] INFO  o.quartz.core.SchedulerSignalerImpl - Initialized Scheduler Signaller of type: class org.quartz.core.SchedulerSignalerImpl
06:35:36.823 [Test worker] INFO  org.quartz.core.QuartzScheduler - Quartz Scheduler v2.5.0 created.
06:35:36.823 [Test worker] INFO  org.quartz.simpl.RAMJobStore - RAMJobStore initialized.
06:35:36.823 [Test worker] INFO  org.quartz.core.QuartzScheduler - Scheduler meta-data: Quartz Scheduler (v2.5.0) 'quartzScheduler' with instanceId 'NON_CLUSTERED'
  Scheduler class: 'org.quartz.core.QuartzScheduler' - running locally.
  NOT STARTED.
  Currently in standby mode.
  Number of jobs executed: 0
  Using thread pool 'org.quartz.simpl.SimpleThreadPool' - with 10 threads.
  Using job-store 'org.quartz.simpl.RAMJobStore' - which does not support persistence. and is not clustered.

06:35:36.823 [Test worker] INFO  org.quartz.impl.StdSchedulerFactory - Quartz scheduler 'quartzScheduler' initialized from an externally provided properties instance.
06:35:36.824 [Test worker] INFO  org.quartz.impl.StdSchedulerFactory - Quartz scheduler version: 2.5.0
06:35:36.824 [Test worker] INFO  org.quartz.core.QuartzScheduler - JobFactory set to: org.springframework.scheduling.quartz.SpringBeanJobFactory@f5a7226
06:35:36.837 [Test worker] INFO  o.s.s.quartz.SchedulerFactoryBean - Starting Quartz Scheduler now
06:35:36.837 [Test worker] INFO  org.quartz.core.QuartzScheduler - Scheduler quartzScheduler_$_NON_CLUSTERED started.
⏹️  60 seconds elapsed. Shutting down gracefully...
]]>&#x1f4ca;<![CDATA[ Total executions completed: 0
06:35:36.846 [SpringApplicationShutdownHook] INFO  org.quartz.core.QuartzScheduler - Scheduler quartzScheduler_$_NON_CLUSTERED paused.
06:35:36.846 [Test worker] INFO  c.a.t.s.TaskSchedulerApplicationTests - Started TaskSchedulerApplicationTests in 0.506 seconds (process running for 0.902)
✅ Hello Scheduler Service initialized at 2025-09-02 06:35:36
]]>&#x1f4cb;<![CDATA[ Will run for 60 seconds, executing every 10 seconds
⏰ Expected executions: 6

]]></system-out>
  <system-err><![CDATA[Mockito is currently self-attaching to enable the inline-mock-maker. This will no longer work in future releases of the JDK. Please add Mockito as an agent to your build as described in Mockito's documentation: https://javadoc.io/doc/org.mockito/mockito-core/latest/org.mockito/org/mockito/Mockito.html#0.3
WARNING: A Java agent has been loaded dynamically (/Users/tanayakarmakar/.gradle/caches/modules-2/files-2.1/net.bytebuddy/byte-buddy-agent/1.17.7/fbf3d6d649ed37fc9e9c59480a05be0a26e3c2da/byte-buddy-agent-1.17.7.jar)
WARNING: If a serviceability tool is in use, please run with -XX:+EnableDynamicAgentLoading to hide this warning
WARNING: If a serviceability tool is not in use, please run with -Djdk.instrument.traceUsage for more information
WARNING: Dynamic loading of agents will be disallowed by default in a future release
]]></system-err>
</testsuite>
